<?xml version="1.0" encoding="UTF-8"?>
<testng-results ignored="0" total="2" passed="2" failed="0" skipped="0">
  <reporter-output>
  </reporter-output>
  <suite started-at="2025-02-12T09:10:05 IST" name="All Test Suite" finished-at="2025-02-12T09:10:27 IST" duration-ms="21713">
    <groups>
    </groups>
    <test started-at="2025-02-12T09:10:05 IST" name="Edge Test" finished-at="2025-02-12T09:10:26 IST" duration-ms="21336">
      <class name="TestSuite.FunctionalCases">
        <test-method is-config="true" signature="beforeSuite()[pri:0, instance:TestSuite.FunctionalCases@9cb8225]" started-at="2025-02-12T09:10:05 IST" name="beforeSuite" finished-at="2025-02-12T09:10:05 IST" duration-ms="37" status="PASS">
          <reporter-output>
          </reporter-output>
        </test-method> <!-- beforeSuite -->
        <test-method is-config="true" signature="logSet()[pri:0, instance:TestSuite.FunctionalCases@9cb8225]" started-at="2025-02-12T09:10:05 IST" name="logSet" finished-at="2025-02-12T09:10:05 IST" duration-ms="189" status="PASS">
          <reporter-output>
          </reporter-output>
        </test-method> <!-- logSet -->
        <test-method is-config="true" signature="setUp(java.lang.String,org.testng.ITestResult)[pri:0, instance:TestSuite.FunctionalCases@9cb8225]" started-at="2025-02-12T09:10:05 IST" name="setUp" finished-at="2025-02-12T09:10:13 IST" duration-ms="7399" status="PASS">
          <params>
            <param index="0">
              <value>
                <![CDATA[edge]]>
              </value>
            </param>
            <param index="1">
              <value>
                <![CDATA[[TestResult name={null} status=CREATED method=FunctionalCases.Weeks52LowAndHighValuesValidationTest()[pri:0, instance:TestSuite.FunctionalCases@9cb8225] output={null}]]]>
              </value>
            </param>
          </params>
          <reporter-output>
          </reporter-output>
        </test-method> <!-- setUp -->
        <test-method signature="Weeks52LowAndHighValuesValidationTest()[pri:0, instance:TestSuite.FunctionalCases@9cb8225]" started-at="2025-02-12T09:10:13 IST" name="Weeks52LowAndHighValuesValidationTest" finished-at="2025-02-12T09:10:26 IST" duration-ms="13373" status="PASS">
          <reporter-output>
          </reporter-output>
        </test-method> <!-- Weeks52LowAndHighValuesValidationTest -->
        <test-method is-config="true" signature="tearDown(org.testng.ITestResult)[pri:0, instance:TestSuite.FunctionalCases@9cb8225]" started-at="2025-02-12T09:10:26 IST" name="tearDown" finished-at="2025-02-12T09:10:26 IST" duration-ms="319" status="PASS">
          <params>
            <param index="0">
              <value>
                <![CDATA[[TestResult name=Weeks52LowAndHighValuesValidationTest status=SUCCESS method=FunctionalCases.Weeks52LowAndHighValuesValidationTest()[pri:0, instance:TestSuite.FunctionalCases@9cb8225] output={null}]]]>
              </value>
            </param>
          </params>
          <reporter-output>
          </reporter-output>
        </test-method> <!-- tearDown -->
      </class> <!-- TestSuite.FunctionalCases -->
    </test> <!-- Edge Test -->
    <test started-at="2025-02-12T09:10:05 IST" name="Chrome Test" finished-at="2025-02-12T09:10:27 IST" duration-ms="21713">
      <class name="TestSuite.FunctionalCases">
        <test-method is-config="true" signature="logSet()[pri:0, instance:TestSuite.FunctionalCases@7098b907]" started-at="2025-02-12T09:10:05 IST" name="logSet" finished-at="2025-02-12T09:10:05 IST" duration-ms="190" status="PASS">
          <reporter-output>
          </reporter-output>
        </test-method> <!-- logSet -->
        <test-method is-config="true" signature="setUp(java.lang.String,org.testng.ITestResult)[pri:0, instance:TestSuite.FunctionalCases@7098b907]" started-at="2025-02-12T09:10:05 IST" name="setUp" finished-at="2025-02-12T09:10:12 IST" duration-ms="6709" status="PASS">
          <params>
            <param index="0">
              <value>
                <![CDATA[chrome]]>
              </value>
            </param>
            <param index="1">
              <value>
                <![CDATA[[TestResult name={null} status=CREATED method=FunctionalCases.Weeks52LowAndHighValuesValidationTest()[pri:0, instance:TestSuite.FunctionalCases@7098b907] output={null}]]]>
              </value>
            </param>
          </params>
          <reporter-output>
          </reporter-output>
        </test-method> <!-- setUp -->
        <test-method signature="Weeks52LowAndHighValuesValidationTest()[pri:0, instance:TestSuite.FunctionalCases@7098b907]" started-at="2025-02-12T09:10:12 IST" name="Weeks52LowAndHighValuesValidationTest" finished-at="2025-02-12T09:10:26 IST" duration-ms="13450" status="PASS">
          <reporter-output>
          </reporter-output>
        </test-method> <!-- Weeks52LowAndHighValuesValidationTest -->
        <test-method is-config="true" signature="tearDown(org.testng.ITestResult)[pri:0, instance:TestSuite.FunctionalCases@7098b907]" started-at="2025-02-12T09:10:26 IST" name="tearDown" finished-at="2025-02-12T09:10:27 IST" duration-ms="1304" status="PASS">
          <params>
            <param index="0">
              <value>
                <![CDATA[[TestResult name=Weeks52LowAndHighValuesValidationTest status=SUCCESS method=FunctionalCases.Weeks52LowAndHighValuesValidationTest()[pri:0, instance:TestSuite.FunctionalCases@7098b907] output={null}]]]>
              </value>
            </param>
          </params>
          <reporter-output>
          </reporter-output>
        </test-method> <!-- tearDown -->
      </class> <!-- TestSuite.FunctionalCases -->
    </test> <!-- Chrome Test -->
  </suite> <!-- All Test Suite -->
</testng-results>
